<?xml version="1.0" encoding="UTF-8"?>
<testsuite xmlns:xsi="http://www.w3.org/2001/XMLSchema-instance" xsi:noNamespaceSchemaLocation="https://maven.apache.org/surefire/maven-surefire-plugin/xsd/surefire-test-report.xsd" name="TestSuite" time="20.402" tests="2" errors="0" skipped="0" failures="1">
  <properties>
[...]
</properties>
  <testcase name="userCanSearch on userCanSearch(com.monster.task.MonsterTest)" classname="com.monster.task.MonsterTest" time="19.907">
    <failure message="Element not found {#a_elem_14}&#10;Expected: exist&#10;Screenshot: file:/Users/jirisurynek/Desktop/MonsterTask/monstertask/task/build/reports/tests/1591567581118.0.png&#10;Page source: file:/Users/jirisurynek/Desktop/MonsterTask/monstertask/task/build/reports/tests/1591567581118.0.html&#10;Timeout: 4 s.&#10;Caused by: NoSuchElementException: no such element: Unable to locate element: {&quot;method&quot;:&quot;css selector&quot;,&quot;selector&quot;:&quot;#a_elem_14&quot;}" type="com.codeborne.selenide.ex.ElementNotFound">com.codeborne.selenide.ex.ElementNotFound: 
Element not found {#a_elem_14}
Expected: exist
Screenshot: file:/Users/jirisurynek/Desktop/MonsterTask/monstertask/task/build/reports/tests/1591567581118.0.png
Page source: file:/Users/jirisurynek/Desktop/MonsterTask/monstertask/task/build/reports/tests/1591567581118.0.html
Timeout: 4 s.
Caused by: NoSuchElementException: no such element: Unable to locate element: {"method":"css selector","selector":"#a_elem_14"}
	at com.monster.task.MonsterTest.userCanSearch(MonsterTest.java:47)
Caused by: org.openqa.selenium.NoSuchElementException: 
no such element: Unable to locate element: {"method":"css selector","selector":"#a_elem_14"}
  (Session info: chrome=83.0.4103.97)
For documentation on this error, please visit: https://www.seleniumhq.org/exceptions/no_such_element.html
Build info: version: '3.141.59', revision: 'e82be7d358', time: '2018-11-14T08:17:03'
System info: host: 'Jiri-MacBook-Pro-2.local', ip: 'fe80:0:0:0:1492:e200:8c97:9dbc%en0', os.name: 'Mac OS X', os.arch: 'x86_64', os.version: '10.15.3', java.version: '11.0.7'
Driver info: org.openqa.selenium.chrome.ChromeDriver
Capabilities {acceptInsecureCerts: true, browserName: chrome, browserVersion: 83.0.4103.97, chrome: {chromedriverVersion: 83.0.4103.39 (ccbf011cb2d2b..., userDataDir: /var/folders/h8/3zyd32lj66g...}, goog:chromeOptions: {debuggerAddress: localhost:55425}, javascriptEnabled: true, networkConnectionEnabled: false, pageLoadStrategy: normal, platform: MAC, platformName: MAC, proxy: Proxy(), setWindowRect: true, strictFileInteractability: false, timeouts: {implicit: 0, pageLoad: 300000, script: 30000}, unhandledPromptBehavior: dismiss and notify, webauthn:virtualAuthenticators: true}
Session ID: f9ca9632f177c26d4824953236094aa2
*** Element info: {Using=css selector, value=#a_elem_14}
	at com.monster.task.MonsterTest.userCanSearch(MonsterTest.java:47)
</failure>
    <system-out><![CDATA[Usage: <main class> [options] The XML suite files to run
  Options:
    -configfailurepolicy               Configuration failure policy (skip or
                                       continue)
    -d                                 Output directory
    -dataproviderthreadcount           Number of threads to use when running
                                       data providers
    -excludegroups                     Comma-separated list of group names to 
                                       exclude
    -groups                            Comma-separated list of group names to be
                                       run
    -junit                             JUnit mode
                                       Default: false
    -listener                          List of .class files or list of class
                                       names implementing ITestListener or
                                       ISuiteListener
    -methods                           Comma separated of test methods
                                       Default: []
    -methodselectors                   List of .class files or list of class
                                       names implementing IMethodSelector
    -mixed                             Mixed mode - autodetect the type of
                                       current test and run it with appropriate runner
                                       Default: false
    -objectfactory                     List of .class files or list of class
                                       names implementing ITestRunnerFactory
    -parallel                          Parallel mode (methods, tests or classes)
    -port                              The port
    -reporter                          Extended configuration for custom report
                                       listener
    -suitename                         Default name of test suite, if not
                                       specified in suite definition file or source code
    -suitethreadpoolsize               Size of the thread pool to use to run
                                       suites
                                       Default: 1
    -testclass                         The list of test classes
    -testjar                           A jar file containing the tests
    -testname                          Default name of test, if not specified in
                                       suitedefinition file or source code
    -testnames                         The list of test names to run
    -testrunfactory, -testRunFactory   The factory used to create tests
    -threadcount                       Number of threads to use when running
                                       tests in parallel
    -usedefaultlisteners               Whether to use the default listeners
                                       Default: true
    -log, -verbose                     Level of verbosity
    -xmlpathinjar                      The full path to the xml file inside the
                                       jar file (only valid if -testjar was
                                       specified)
                                       Default: testng.xml

]]></system-out>
    <system-err><![CDATA[[TestNG] [Error] No test suite found. Nothing to run
SLF4J: Failed to load class "org.slf4j.impl.StaticLoggerBinder".
SLF4J: Defaulting to no-operation (NOP) logger implementation
SLF4J: See http://www.slf4j.org/codes.html#StaticLoggerBinder for further details.
Starting ChromeDriver 83.0.4103.39 (ccbf011cb2d2b19b506d844400483861342c20cd-refs/branch-heads/4103@{#416}) on port 33318
Only local connections are allowed.
Please see https://chromedriver.chromium.org/security-considerations for suggestions on keeping ChromeDriver safe.
ChromeDriver was started successfully.
čvn 08, 2020 12:06:03 DOP. org.openqa.selenium.remote.ProtocolHandshake createSession
INFO: Detected dialect: W3C
]]></system-err>
  </testcase>
  <testcase name="shouldAnswerWithTrue on shouldAnswerWithTrue(com.monster.task.AppTest)" classname="com.monster.task.AppTest" time="0"/>
</testsuite>